<?xml version="1.0" encoding="UTF-8"?>
<!-- Generated by org.testng.reporters.JUnitReportReporter -->
<testsuite skipped="0" hostname="Shameers-MacBook-Pro.local" name="testScripts.TC001_BitBucketRepositoriesBackup" tests="1" failures="0" timestamp="17 Nov 2018 19:00:30 GMT" time="30.863" errors="0">
  <testcase name="bitbucketRepositories" time="30.863" classname="testScripts.TC001_BitBucketRepositoriesBackup"/>
</testsuite> <!-- testScripts.TC001_BitBucketRepositoriesBackup -->
