<?xml version="1.0" encoding="UTF-8"?>
<!-- Generated by org.testng.reporters.JUnitReportReporter -->
<testsuite skipped="0" hostname="Shameers-MacBook-Pro.local" name="testScripts.LoginCMS" tests="1" failures="0" timestamp="11 Dec 2018 08:00:28 GMT" time="38.721" errors="0">
  <testcase name="loginCMS" time="38.721" classname="testScripts.LoginCMS"/>
</testsuite> <!-- testScripts.LoginCMS -->
